<?xml version="1.0" encoding="UTF-8"?>
<testsuite xmlns:xsi="http://www.w3.org/2001/XMLSchema-instance" xsi:noNamespaceSchemaLocation="https://maven.apache.org/surefire/maven-surefire-plugin/xsd/surefire-test-report-3.0.xsd" version="3.0" name="TestSuite" time="20.57" tests="1" errors="0" skipped="0" failures="0">
  <properties>
[...]
</properties>
  <testcase name="runScenario[&quot;To SignUp using the given data&quot;, &quot;SignUp&quot;](1)" classname="allTest.CucumberRunner" time="14.989">
    <system-out><![CDATA[
Scenario: To SignUp using the given data                           &amp#27;[90m# src/test/resources/features/SignUp.feature:2&amp#27;[0m
  &amp#27;[32mGiven &amp#27;[0m&amp#27;[32mThe website Home Page is already open&amp#27;[0m                      &amp#27;[90m# allTest.SignupStepDefinitions.navigationToHomePage()&amp#27;[0m
  &amp#27;[32mWhen &amp#27;[0m&amp#27;[32mUser clicks on Account and selects Customer Signup&amp#27;[0m          &amp#27;[90m# allTest.SignupStepDefinitions.navigationToSignupPage()&amp#27;[0m
  &amp#27;[32mAnd &amp#27;[0m&amp#27;[32mUser enters the valid data for the fields on the Signup Page&amp#27;[0m &amp#27;[90m# allTest.SignupStepDefinitions.enterValidDetails(io.cucumber.datatable.DataTable)&amp#27;[0m
    | Field      | Value         |
    | First Name | Kirtan        |
    | Last Name  | Gajjar        |
    | Phone      | 9876543210    |
    | Email      | abc@gmail.com |
    | Password   | Abcde@12345   |
  &amp#27;[32mAnd &amp#27;[0m&amp#27;[32mUser clicks on Signup button&amp#27;[0m                                 &amp#27;[90m# allTest.SignupStepDefinitions.clickSignupButton()&amp#27;[0m
Signup successfull please login.
  &amp#27;[32mThen &amp#27;[0m&amp#27;[32mUser is redirected to Login Page&amp#27;[0m                            &amp#27;[90m# allTest.SignupStepDefinitions.navigationToLoginPage()&amp#27;[0m
]]></system-out>
    <system-err><![CDATA[SLF4J: Failed to load class "org.slf4j.impl.StaticLoggerBinder".
SLF4J: Defaulting to no-operation (NOP) logger implementation
SLF4J: See http://www.slf4j.org/codes.html#StaticLoggerBinder for further details.
Starting ChromeDriver 108.0.5359.71 (1e0e3868ee06e91ad636a874420e3ca3ae3756ac-refs/branch-heads/5359@{#1016}) on port 47196
Only local connections are allowed.
Please see https://chromedriver.chromium.org/security-considerations for suggestions on keeping ChromeDriver safe.
ChromeDriver was started successfully.
]]></system-err>
  </testcase>
</testsuite>