<?xml version="1.0" encoding="UTF-8"?>
<testng-results ignored="0" total="1" passed="1" failed="0" skipped="0">
  <reporter-output>
  </reporter-output>
  <suite started-at="2023-01-10T02:41:12 IST" name="Suite" finished-at="2023-01-10T02:41:28 IST" duration-ms="15718">
    <groups>
      <group name="cucumber">
        <method signature="AbstractTestNGCucumberTests.runScenario(io.cucumber.testng.PickleWrapper,io.cucumber.testng.FeatureWrapper)[pri:0, instance:allTest.CucumberRunner@7d8995e]" name="runScenario" class="io.cucumber.testng.AbstractTestNGCucumberTests"/>
      </group> <!-- cucumber -->
    </groups>
    <test started-at="2023-01-10T02:41:12 IST" name="Test" finished-at="2023-01-10T02:41:28 IST" duration-ms="15718">
      <class name="allTest.CucumberRunner">
        <test-method is-config="true" signature="configuration()[pri:0, instance:allTest.CucumberRunner@7d8995e]" started-at="2023-01-10T02:41:08 IST" name="configuration" finished-at="2023-01-10T02:41:11 IST" duration-ms="2339" status="PASS">
          <reporter-output>
          </reporter-output>
        </test-method> <!-- configuration -->
        <test-method is-config="true" signature="openUrl()[pri:0, instance:allTest.CucumberRunner@7d8995e]" started-at="2023-01-10T02:41:11 IST" name="openUrl" finished-at="2023-01-10T02:41:12 IST" duration-ms="1637" status="PASS">
          <reporter-output>
          </reporter-output>
        </test-method> <!-- openUrl -->
        <test-method is-config="true" signature="setUpClass(org.testng.ITestContext)[pri:0, instance:allTest.CucumberRunner@7d8995e]" started-at="2023-01-10T02:41:12 IST" name="setUpClass" finished-at="2023-01-10T02:41:13 IST" duration-ms="639" status="PASS">
          <params>
            <param index="0">
              <value>
                <![CDATA[org.testng.TestRunner@2f79f192]]>
              </value>
            </param>
          </params>
          <reporter-output>
          </reporter-output>
        </test-method> <!-- setUpClass -->
        <test-method signature="runScenario(io.cucumber.testng.PickleWrapper,io.cucumber.testng.FeatureWrapper)[pri:0, instance:allTest.CucumberRunner@7d8995e]" started-at="2023-01-10T02:41:13 IST" name="runScenario" description="Runs Cucumber Scenarios" data-provider="scenarios" finished-at="2023-01-10T02:41:28 IST" duration-ms="14987" status="PASS">
          <params>
            <param index="0">
              <value>
                <![CDATA["To SignUp using the given data"]]>
              </value>
            </param>
            <param index="1">
              <value>
                <![CDATA["SignUp"]]>
              </value>
            </param>
          </params>
          <reporter-output>
          </reporter-output>
        </test-method> <!-- runScenario -->
        <test-method is-config="true" signature="tearDownClass()[pri:0, instance:allTest.CucumberRunner@7d8995e]" started-at="2023-01-10T02:41:28 IST" name="tearDownClass" finished-at="2023-01-10T02:41:28 IST" duration-ms="46" status="PASS">
          <reporter-output>
          </reporter-output>
        </test-method> <!-- tearDownClass -->
        <test-method is-config="true" signature="closeDriver()[pri:0, instance:allTest.CucumberRunner@7d8995e]" started-at="2023-01-10T02:41:28 IST" name="closeDriver" finished-at="2023-01-10T02:41:28 IST" duration-ms="328" status="PASS">
          <reporter-output>
          </reporter-output>
        </test-method> <!-- closeDriver -->
      </class> <!-- allTest.CucumberRunner -->
    </test> <!-- Test -->
  </suite> <!-- Suite -->
</testng-results>
