<?xml version="1.0" encoding="UTF-8"?>
<testng-results ignored="0" total="1" passed="1" failed="0" skipped="0">
  <reporter-output>
  </reporter-output>
  <suite started-at="2023-01-07T23:06:45 IST" name="Suite" finished-at="2023-01-07T23:06:54 IST" duration-ms="8453">
    <groups>
      <group name="cucumber">
        <method signature="AbstractTestNGCucumberTests.runScenario(io.cucumber.testng.PickleWrapper,io.cucumber.testng.FeatureWrapper)[pri:0, instance:allTest.CucumberRunner@3c46e67a]" name="runScenario" class="io.cucumber.testng.AbstractTestNGCucumberTests"/>
      </group> <!-- cucumber -->
    </groups>
    <test started-at="2023-01-07T23:06:45 IST" name="Test" finished-at="2023-01-07T23:06:54 IST" duration-ms="8453">
      <class name="allTest.CucumberRunner">
        <test-method is-config="true" signature="setUpClass(org.testng.ITestContext)[pri:0, instance:allTest.CucumberRunner@3c46e67a]" started-at="2023-01-07T23:06:46 IST" name="setUpClass" finished-at="2023-01-07T23:06:46 IST" duration-ms="660" status="PASS">
          <params>
            <param index="0">
              <value>
                <![CDATA[org.testng.TestRunner@67bf0480]]>
              </value>
            </param>
          </params>
          <reporter-output>
          </reporter-output>
        </test-method> <!-- setUpClass -->
        <test-method signature="runScenario(io.cucumber.testng.PickleWrapper,io.cucumber.testng.FeatureWrapper)[pri:0, instance:allTest.CucumberRunner@3c46e67a]" started-at="2023-01-07T23:06:46 IST" name="runScenario" description="Runs Cucumber Scenarios" data-provider="scenarios" finished-at="2023-01-07T23:06:54 IST" duration-ms="7713" status="PASS">
          <params>
            <param index="0">
              <value>
                <![CDATA["To submit the basic contact form with valid data"]]>
              </value>
            </param>
            <param index="1">
              <value>
                <![CDATA["Basic Contact Form"]]>
              </value>
            </param>
          </params>
          <reporter-output>
          </reporter-output>
        </test-method> <!-- runScenario -->
        <test-method is-config="true" signature="tearDownClass()[pri:0, instance:allTest.CucumberRunner@3c46e67a]" started-at="2023-01-07T23:06:54 IST" name="tearDownClass" finished-at="2023-01-07T23:06:54 IST" duration-ms="29" status="PASS">
          <reporter-output>
          </reporter-output>
        </test-method> <!-- tearDownClass -->
      </class> <!-- allTest.CucumberRunner -->
    </test> <!-- Test -->
  </suite> <!-- Suite -->
</testng-results>
